[0.130s] DEBUG:colcon:Command line arguments: ['/usr/bin/colcon', 'build', '--packages-select', 'program_tangan_alfan']
[0.130s] DEBUG:colcon:Parsed command line arguments: Namespace(log_base=None, log_level=None, verb_name='build', build_base='build', install_base='install', merge_install=False, symlink_install=False, test_result_base=None, continue_on_error=False, executor='parallel', parallel_workers=4, event_handlers=None, ignore_user_meta=False, metas=['./colcon.meta'], base_paths=['.'], packages_ignore=None, packages_ignore_regex=None, paths=None, packages_up_to=None, packages_up_to_regex=None, packages_above=None, packages_above_and_dependencies=None, packages_above_depth=None, packages_select_by_dep=None, packages_skip_by_dep=None, packages_skip_up_to=None, packages_select_build_failed=False, packages_skip_build_finished=False, packages_select_test_failures=False, packages_skip_test_passed=False, packages_select=['program_tangan_alfan'], packages_skip=None, packages_select_regex=None, packages_skip_regex=None, packages_start=None, packages_end=None, allow_overriding=[], cmake_args=None, cmake_target=None, cmake_target_skip_unavailable=False, cmake_clean_cache=False, cmake_clean_first=False, cmake_force_configure=False, ament_cmake_args=None, catkin_cmake_args=None, catkin_skip_building_tests=False, mixin_files=None, mixin=None, verb_parser=<colcon_mixin.mixin.mixin_argument.MixinArgumentDecorator object at 0x739ecb11cc40>, verb_extension=<colcon_core.verb.build.BuildVerb object at 0x739ecb292620>, main=<bound method BuildVerb.main of <colcon_core.verb.build.BuildVerb object at 0x739ecb292620>>, mixin_verb=('build',))
[0.335s] Level 1:colcon.colcon_core.package_discovery:discover_packages(colcon_meta) check parameters
[0.336s] Level 1:colcon.colcon_core.package_discovery:discover_packages(recursive) check parameters
[0.336s] Level 1:colcon.colcon_core.package_discovery:discover_packages(ignore) check parameters
[0.336s] Level 1:colcon.colcon_core.package_discovery:discover_packages(path) check parameters
[0.336s] Level 1:colcon.colcon_core.package_discovery:discover_packages(colcon_meta) discover
[0.336s] Level 1:colcon.colcon_core.package_discovery:discover_packages(recursive) discover
[0.336s] INFO:colcon.colcon_core.package_discovery:Crawling recursively for packages in '/home/farhanhanif/alfan_ws/src/program_rekam_gerak'
[0.336s] Level 1:colcon.colcon_core.package_identification:_identify(.) by extensions ['ignore', 'ignore_ament_install']
[0.336s] Level 1:colcon.colcon_core.package_identification:_identify(.) by extension 'ignore'
[0.336s] Level 1:colcon.colcon_core.package_identification:_identify(.) by extension 'ignore_ament_install'
[0.336s] Level 1:colcon.colcon_core.package_identification:_identify(.) by extensions ['colcon_pkg']
[0.336s] Level 1:colcon.colcon_core.package_identification:_identify(.) by extension 'colcon_pkg'
[0.336s] Level 1:colcon.colcon_core.package_identification:_identify(.) by extensions ['colcon_meta']
[0.336s] Level 1:colcon.colcon_core.package_identification:_identify(.) by extension 'colcon_meta'
[0.336s] Level 1:colcon.colcon_core.package_identification:_identify(.) by extensions ['ros']
[0.336s] Level 1:colcon.colcon_core.package_identification:_identify(.) by extension 'ros'
[0.351s] DEBUG:colcon.colcon_core.package_identification:Package '.' with type 'ros.ament_cmake' and name 'program_tangan_alfan'
[0.351s] Level 1:colcon.colcon_core.package_discovery:discover_packages(recursive) using defaults
[0.351s] Level 1:colcon.colcon_core.package_discovery:discover_packages(ignore) discover
[0.351s] Level 1:colcon.colcon_core.package_discovery:discover_packages(ignore) using defaults
[0.351s] Level 1:colcon.colcon_core.package_discovery:discover_packages(path) discover
[0.351s] Level 1:colcon.colcon_core.package_discovery:discover_packages(path) using defaults
[0.388s] Level 1:colcon.colcon_core.package_discovery:discover_packages(prefix_path) check parameters
[0.388s] Level 1:colcon.colcon_core.package_discovery:discover_packages(prefix_path) discover
[0.392s] DEBUG:colcon.colcon_installed_package_information.package_discovery:Found 297 installed packages in /opt/ros/humble
[0.394s] Level 1:colcon.colcon_core.package_discovery:discover_packages(prefix_path) using defaults
[0.442s] Level 5:colcon.colcon_core.verb:set package 'program_tangan_alfan' build argument 'cmake_args' from command line to 'None'
[0.442s] Level 5:colcon.colcon_core.verb:set package 'program_tangan_alfan' build argument 'cmake_target' from command line to 'None'
[0.442s] Level 5:colcon.colcon_core.verb:set package 'program_tangan_alfan' build argument 'cmake_target_skip_unavailable' from command line to 'False'
[0.442s] Level 5:colcon.colcon_core.verb:set package 'program_tangan_alfan' build argument 'cmake_clean_cache' from command line to 'False'
[0.442s] Level 5:colcon.colcon_core.verb:set package 'program_tangan_alfan' build argument 'cmake_clean_first' from command line to 'False'
[0.442s] Level 5:colcon.colcon_core.verb:set package 'program_tangan_alfan' build argument 'cmake_force_configure' from command line to 'False'
[0.442s] Level 5:colcon.colcon_core.verb:set package 'program_tangan_alfan' build argument 'ament_cmake_args' from command line to 'None'
[0.442s] Level 5:colcon.colcon_core.verb:set package 'program_tangan_alfan' build argument 'catkin_cmake_args' from command line to 'None'
[0.442s] Level 5:colcon.colcon_core.verb:set package 'program_tangan_alfan' build argument 'catkin_skip_building_tests' from command line to 'False'
[0.442s] DEBUG:colcon.colcon_core.verb:Building package 'program_tangan_alfan' with the following arguments: {'ament_cmake_args': None, 'build_base': '/home/farhanhanif/alfan_ws/src/program_rekam_gerak/build/program_tangan_alfan', 'catkin_cmake_args': None, 'catkin_skip_building_tests': False, 'cmake_args': None, 'cmake_clean_cache': False, 'cmake_clean_first': False, 'cmake_force_configure': False, 'cmake_target': None, 'cmake_target_skip_unavailable': False, 'install_base': '/home/farhanhanif/alfan_ws/src/program_rekam_gerak/install/program_tangan_alfan', 'merge_install': False, 'path': '/home/farhanhanif/alfan_ws/src/program_rekam_gerak', 'symlink_install': False, 'test_result_base': None}
[0.442s] INFO:colcon.colcon_core.executor:Executing jobs using 'parallel' executor
[0.443s] DEBUG:colcon.colcon_parallel_executor.executor.parallel:run_until_complete
[0.444s] INFO:colcon.colcon_ros.task.ament_cmake.build:Building ROS package in '/home/farhanhanif/alfan_ws/src/program_rekam_gerak' with build type 'ament_cmake'
[0.444s] INFO:colcon.colcon_cmake.task.cmake.build:Building CMake package in '/home/farhanhanif/alfan_ws/src/program_rekam_gerak'
[0.447s] INFO:colcon.colcon_core.plugin_system:Skipping extension 'colcon_core.shell.bat': Not used on non-Windows systems
[0.448s] INFO:colcon.colcon_core.shell:Skip shell extension 'powershell' for command environment: Not usable outside of PowerShell
[0.448s] DEBUG:colcon.colcon_core.shell:Skip shell extension 'dsv' for command environment
[0.457s] DEBUG:colcon.colcon_core.event_handler.log_command:Invoking command in '/home/farhanhanif/alfan_ws/src/program_rekam_gerak/build/program_tangan_alfan': CMAKE_PREFIX_PATH=/opt/ros/humble /usr/bin/cmake /home/farhanhanif/alfan_ws/src/program_rekam_gerak -DCMAKE_INSTALL_PREFIX=/home/farhanhanif/alfan_ws/src/program_rekam_gerak/install/program_tangan_alfan
[2.662s] DEBUG:colcon.colcon_core.event_handler.log_command:Invoked command in '/home/farhanhanif/alfan_ws/src/program_rekam_gerak/build/program_tangan_alfan' returned '0': CMAKE_PREFIX_PATH=/opt/ros/humble /usr/bin/cmake /home/farhanhanif/alfan_ws/src/program_rekam_gerak -DCMAKE_INSTALL_PREFIX=/home/farhanhanif/alfan_ws/src/program_rekam_gerak/install/program_tangan_alfan
[2.664s] DEBUG:colcon.colcon_core.event_handler.log_command:Invoking command in '/home/farhanhanif/alfan_ws/src/program_rekam_gerak/build/program_tangan_alfan': CMAKE_PREFIX_PATH=/opt/ros/humble /usr/bin/cmake --build /home/farhanhanif/alfan_ws/src/program_rekam_gerak/build/program_tangan_alfan -- -j4 -l4
[16.872s] DEBUG:colcon.colcon_core.event_handler.log_command:Invoked command in '/home/farhanhanif/alfan_ws/src/program_rekam_gerak/build/program_tangan_alfan' returned '0': CMAKE_PREFIX_PATH=/opt/ros/humble /usr/bin/cmake --build /home/farhanhanif/alfan_ws/src/program_rekam_gerak/build/program_tangan_alfan -- -j4 -l4
[16.885s] DEBUG:colcon.colcon_core.event_handler.log_command:Invoking command in '/home/farhanhanif/alfan_ws/src/program_rekam_gerak/build/program_tangan_alfan': CMAKE_PREFIX_PATH=/opt/ros/humble /usr/bin/cmake --install /home/farhanhanif/alfan_ws/src/program_rekam_gerak/build/program_tangan_alfan
[16.948s] Level 1:colcon.colcon_core.environment:create_environment_scripts_only(program_tangan_alfan)
[16.949s] DEBUG:colcon.colcon_core.event_handler.log_command:Invoked command in '/home/farhanhanif/alfan_ws/src/program_rekam_gerak/build/program_tangan_alfan' returned '0': CMAKE_PREFIX_PATH=/opt/ros/humble /usr/bin/cmake --install /home/farhanhanif/alfan_ws/src/program_rekam_gerak/build/program_tangan_alfan
[16.953s] Level 1:colcon.colcon_core.environment:checking '/home/farhanhanif/alfan_ws/src/program_rekam_gerak/install/program_tangan_alfan' for CMake module files
[16.954s] Level 1:colcon.colcon_core.environment:checking '/home/farhanhanif/alfan_ws/src/program_rekam_gerak/install/program_tangan_alfan' for CMake config files
[16.954s] Level 1:colcon.colcon_core.shell:create_environment_hook('program_tangan_alfan', 'cmake_prefix_path')
[16.954s] INFO:colcon.colcon_core.shell:Creating environment hook '/home/farhanhanif/alfan_ws/src/program_rekam_gerak/install/program_tangan_alfan/share/program_tangan_alfan/hook/cmake_prefix_path.ps1'
[16.955s] INFO:colcon.colcon_core.shell:Creating environment descriptor '/home/farhanhanif/alfan_ws/src/program_rekam_gerak/install/program_tangan_alfan/share/program_tangan_alfan/hook/cmake_prefix_path.dsv'
[16.956s] INFO:colcon.colcon_core.shell:Creating environment hook '/home/farhanhanif/alfan_ws/src/program_rekam_gerak/install/program_tangan_alfan/share/program_tangan_alfan/hook/cmake_prefix_path.sh'
[16.957s] Level 1:colcon.colcon_core.environment:checking '/home/farhanhanif/alfan_ws/src/program_rekam_gerak/install/program_tangan_alfan/lib'
[16.957s] Level 1:colcon.colcon_core.environment:checking '/home/farhanhanif/alfan_ws/src/program_rekam_gerak/install/program_tangan_alfan/bin'
[16.957s] Level 1:colcon.colcon_core.environment:checking '/home/farhanhanif/alfan_ws/src/program_rekam_gerak/install/program_tangan_alfan/lib/pkgconfig/program_tangan_alfan.pc'
[16.957s] Level 1:colcon.colcon_core.environment:checking '/home/farhanhanif/alfan_ws/src/program_rekam_gerak/install/program_tangan_alfan/lib/python3.10/site-packages'
[16.958s] Level 1:colcon.colcon_core.environment:checking '/home/farhanhanif/alfan_ws/src/program_rekam_gerak/install/program_tangan_alfan/bin'
[16.958s] INFO:colcon.colcon_core.shell:Creating package script '/home/farhanhanif/alfan_ws/src/program_rekam_gerak/install/program_tangan_alfan/share/program_tangan_alfan/package.ps1'
[16.959s] INFO:colcon.colcon_core.shell:Creating package descriptor '/home/farhanhanif/alfan_ws/src/program_rekam_gerak/install/program_tangan_alfan/share/program_tangan_alfan/package.dsv'
[16.960s] INFO:colcon.colcon_core.shell:Creating package script '/home/farhanhanif/alfan_ws/src/program_rekam_gerak/install/program_tangan_alfan/share/program_tangan_alfan/package.sh'
[16.961s] INFO:colcon.colcon_core.shell:Creating package script '/home/farhanhanif/alfan_ws/src/program_rekam_gerak/install/program_tangan_alfan/share/program_tangan_alfan/package.bash'
[16.962s] INFO:colcon.colcon_core.shell:Creating package script '/home/farhanhanif/alfan_ws/src/program_rekam_gerak/install/program_tangan_alfan/share/program_tangan_alfan/package.zsh'
[16.963s] Level 1:colcon.colcon_core.environment:create_file_with_runtime_dependencies(/home/farhanhanif/alfan_ws/src/program_rekam_gerak/install/program_tangan_alfan/share/colcon-core/packages/program_tangan_alfan)
[16.963s] Level 1:colcon.colcon_core.environment:create_environment_scripts_only(program_tangan_alfan)
[16.964s] Level 1:colcon.colcon_core.environment:checking '/home/farhanhanif/alfan_ws/src/program_rekam_gerak/install/program_tangan_alfan' for CMake module files
[16.964s] Level 1:colcon.colcon_core.environment:checking '/home/farhanhanif/alfan_ws/src/program_rekam_gerak/install/program_tangan_alfan' for CMake config files
[16.965s] Level 1:colcon.colcon_core.shell:create_environment_hook('program_tangan_alfan', 'cmake_prefix_path')
[16.965s] INFO:colcon.colcon_core.shell:Creating environment hook '/home/farhanhanif/alfan_ws/src/program_rekam_gerak/install/program_tangan_alfan/share/program_tangan_alfan/hook/cmake_prefix_path.ps1'
[16.966s] INFO:colcon.colcon_core.shell:Creating environment descriptor '/home/farhanhanif/alfan_ws/src/program_rekam_gerak/install/program_tangan_alfan/share/program_tangan_alfan/hook/cmake_prefix_path.dsv'
[16.966s] INFO:colcon.colcon_core.shell:Creating environment hook '/home/farhanhanif/alfan_ws/src/program_rekam_gerak/install/program_tangan_alfan/share/program_tangan_alfan/hook/cmake_prefix_path.sh'
[16.967s] Level 1:colcon.colcon_core.environment:checking '/home/farhanhanif/alfan_ws/src/program_rekam_gerak/install/program_tangan_alfan/lib'
[16.968s] Level 1:colcon.colcon_core.environment:checking '/home/farhanhanif/alfan_ws/src/program_rekam_gerak/install/program_tangan_alfan/bin'
[16.968s] Level 1:colcon.colcon_core.environment:checking '/home/farhanhanif/alfan_ws/src/program_rekam_gerak/install/program_tangan_alfan/lib/pkgconfig/program_tangan_alfan.pc'
[16.968s] Level 1:colcon.colcon_core.environment:checking '/home/farhanhanif/alfan_ws/src/program_rekam_gerak/install/program_tangan_alfan/lib/python3.10/site-packages'
[16.968s] Level 1:colcon.colcon_core.environment:checking '/home/farhanhanif/alfan_ws/src/program_rekam_gerak/install/program_tangan_alfan/bin'
[16.969s] INFO:colcon.colcon_core.shell:Creating package script '/home/farhanhanif/alfan_ws/src/program_rekam_gerak/install/program_tangan_alfan/share/program_tangan_alfan/package.ps1'
[16.970s] INFO:colcon.colcon_core.shell:Creating package descriptor '/home/farhanhanif/alfan_ws/src/program_rekam_gerak/install/program_tangan_alfan/share/program_tangan_alfan/package.dsv'
[16.971s] INFO:colcon.colcon_core.shell:Creating package script '/home/farhanhanif/alfan_ws/src/program_rekam_gerak/install/program_tangan_alfan/share/program_tangan_alfan/package.sh'
[16.972s] INFO:colcon.colcon_core.shell:Creating package script '/home/farhanhanif/alfan_ws/src/program_rekam_gerak/install/program_tangan_alfan/share/program_tangan_alfan/package.bash'
[16.973s] INFO:colcon.colcon_core.shell:Creating package script '/home/farhanhanif/alfan_ws/src/program_rekam_gerak/install/program_tangan_alfan/share/program_tangan_alfan/package.zsh'
[16.973s] Level 1:colcon.colcon_core.environment:create_file_with_runtime_dependencies(/home/farhanhanif/alfan_ws/src/program_rekam_gerak/install/program_tangan_alfan/share/colcon-core/packages/program_tangan_alfan)
[16.974s] DEBUG:colcon.colcon_parallel_executor.executor.parallel:closing loop
[16.974s] DEBUG:colcon.colcon_parallel_executor.executor.parallel:loop closed
[16.975s] DEBUG:colcon.colcon_parallel_executor.executor.parallel:run_until_complete finished with '0'
[16.975s] DEBUG:colcon.colcon_core.event_reactor:joining thread
[16.982s] INFO:colcon.colcon_core.plugin_system:Skipping extension 'colcon_notification.desktop_notification.terminal_notifier': Not used on non-Darwin systems
[16.983s] INFO:colcon.colcon_core.plugin_system:Skipping extension 'colcon_notification.desktop_notification.win32': Not used on non-Windows systems
[16.983s] INFO:colcon.colcon_notification.desktop_notification:Sending desktop notification using 'notify2'
[17.003s] DEBUG:colcon.colcon_core.event_reactor:joined thread
[17.003s] INFO:colcon.colcon_core.shell:Creating prefix script '/home/farhanhanif/alfan_ws/src/program_rekam_gerak/install/local_setup.ps1'
[17.005s] INFO:colcon.colcon_core.shell:Creating prefix util module '/home/farhanhanif/alfan_ws/src/program_rekam_gerak/install/_local_setup_util_ps1.py'
[17.008s] INFO:colcon.colcon_core.shell:Creating prefix chain script '/home/farhanhanif/alfan_ws/src/program_rekam_gerak/install/setup.ps1'
[17.010s] INFO:colcon.colcon_core.shell:Creating prefix script '/home/farhanhanif/alfan_ws/src/program_rekam_gerak/install/local_setup.sh'
[17.011s] INFO:colcon.colcon_core.shell:Creating prefix util module '/home/farhanhanif/alfan_ws/src/program_rekam_gerak/install/_local_setup_util_sh.py'
[17.011s] INFO:colcon.colcon_core.shell:Creating prefix chain script '/home/farhanhanif/alfan_ws/src/program_rekam_gerak/install/setup.sh'
[17.012s] INFO:colcon.colcon_core.shell:Creating prefix script '/home/farhanhanif/alfan_ws/src/program_rekam_gerak/install/local_setup.bash'
[17.013s] INFO:colcon.colcon_core.shell:Creating prefix chain script '/home/farhanhanif/alfan_ws/src/program_rekam_gerak/install/setup.bash'
[17.014s] INFO:colcon.colcon_core.shell:Creating prefix script '/home/farhanhanif/alfan_ws/src/program_rekam_gerak/install/local_setup.zsh'
[17.015s] INFO:colcon.colcon_core.shell:Creating prefix chain script '/home/farhanhanif/alfan_ws/src/program_rekam_gerak/install/setup.zsh'
